Project/KaKao Ventical/app/build/intermediates/manifest_merge_blame_file/debug/processDebugMainManifest/manifest-merger-blame-debug-report.txt
1<?xml version="1.0" encoding="utf-8"?>
2<manifest xmlns:android="http://schemas.android.com/apk/res/android"
3    package="com.kakao.taxi.test"
4    android:versionCode="1"
5    android:versionName="1.0" >
6
7    <uses-sdk
8        android:minSdkVersion="24"
9        android:targetSdkVersion="33" />
10
11    <!-- 권한 설정 -->
12    <uses-permission android:name="android.permission.SYSTEM_ALERT_WINDOW" />
12-->src\main\AndroidManifest.xml:6:5-78
12-->src\main\AndroidManifest.xml:6:22-75
13    <uses-permission android:name="android.permission.FOREGROUND_SERVICE" />
13-->src\main\AndroidManifest.xml:7:5-77
13-->src\main\AndroidManifest.xml:7:22-74
14    <uses-permission android:name="android.permission.FOREGROUND_SERVICE_MEDIA_PROJECTION" />
14-->src\main\AndroidManifest.xml:8:5-94
14-->src\main\AndroidManifest.xml:8:22-91
15    <uses-permission android:name="android.permission.WRITE_EXTERNAL_STORAGE" />
15-->src\main\AndroidManifest.xml:9:5-81
15-->src\main\AndroidManifest.xml:9:22-78
16    <uses-permission android:name="android.permission.READ_EXTERNAL_STORAGE" />
16-->src\main\AndroidManifest.xml:10:5-80
16-->src\main\AndroidManifest.xml:10:22-77
17    <uses-permission android:name="android.permission.POST_NOTIFICATIONS" />
17-->src\main\AndroidManifest.xml:11:5-77
17-->src\main\AndroidManifest.xml:11:22-74
18    <uses-permission android:name="android.permission.GET_TASKS" />
18-->src\main\AndroidManifest.xml:12:5-68
18-->src\main\AndroidManifest.xml:12:22-65
19
20    <!-- Shizuku 권한 -->
21    <uses-permission android:name="moe.shizuku.manager.permission.API_V23" />
21-->src\main\AndroidManifest.xml:15:5-78
21-->src\main\AndroidManifest.xml:15:22-75
22
23    <permission
23-->[androidx.core:core:1.12.0] AndroidManifest.xml:22:5-24:47
24        android:name="com.kakao.taxi.test.DYNAMIC_RECEIVER_NOT_EXPORTED_PERMISSION"
24-->[androidx.core:core:1.12.0] AndroidManifest.xml:23:9-81
25        android:protectionLevel="signature" />
25-->[androidx.core:core:1.12.0] AndroidManifest.xml:24:9-44
26
27    <uses-permission android:name="com.kakao.taxi.test.DYNAMIC_RECEIVER_NOT_EXPORTED_PERMISSION" /> <!-- Although the *SdkVersion is captured in gradle build files, this is required for non gradle builds -->
27-->[androidx.core:core:1.12.0] AndroidManifest.xml:26:5-97
27-->[androidx.core:core:1.12.0] AndroidManifest.xml:26:22-94
28    <!-- <uses-sdk android:minSdkVersion="14"/> -->
29    <uses-permission android:name="android.permission.ACCESS_NETWORK_STATE" />
29-->[com.google.android.datatransport:transport-backend-cct:2.3.3] AndroidManifest.xml:25:5-79
29-->[com.google.android.datatransport:transport-backend-cct:2.3.3] AndroidManifest.xml:25:22-76
30    <uses-permission android:name="android.permission.INTERNET" />
30-->[com.google.android.datatransport:transport-backend-cct:2.3.3] AndroidManifest.xml:26:5-67
30-->[com.google.android.datatransport:transport-backend-cct:2.3.3] AndroidManifest.xml:26:22-64
31
32    <application
32-->src\main\AndroidManifest.xml:17:5-134:19
33        android:allowBackup="true"
33-->src\main\AndroidManifest.xml:18:9-35
34        android:appComponentFactory="androidx.core.app.CoreComponentFactory"
34-->[androidx.core:core:1.12.0] AndroidManifest.xml:28:18-86
35        android:debuggable="true"
36        android:extractNativeLibs="true"
36-->src\main\AndroidManifest.xml:24:9-41
37        android:icon="@android:drawable/ic_menu_compass"
37-->src\main\AndroidManifest.xml:19:9-57
38        android:label="@string/app_name"
38-->src\main\AndroidManifest.xml:20:9-41
39        android:requestLegacyExternalStorage="true"
39-->src\main\AndroidManifest.xml:25:9-52
40        android:roundIcon="@android:drawable/ic_menu_compass"
40-->src\main\AndroidManifest.xml:21:9-62
41        android:supportsRtl="true"
41-->src\main\AndroidManifest.xml:22:9-35
42        android:theme="@style/Theme.AppCompat.Light.DarkActionBar" >
42-->src\main\AndroidManifest.xml:23:9-67
43
44        <!-- 메인 액티비티 -->
45        <activity
45-->src\main\AndroidManifest.xml:29:9-37:20
46            android:name="com.kakao.taxi.test.MainActivity"
46-->src\main\AndroidManifest.xml:30:13-41
47            android:exported="true"
47-->src\main\AndroidManifest.xml:31:13-36
48            android:launchMode="singleTask" >
48-->src\main\AndroidManifest.xml:32:13-44
49            <intent-filter>
49-->src\main\AndroidManifest.xml:33:13-36:29
50                <action android:name="android.intent.action.MAIN" />
50-->src\main\AndroidManifest.xml:34:17-69
50-->src\main\AndroidManifest.xml:34:25-66
51
52                <category android:name="android.intent.category.LAUNCHER" />
52-->src\main\AndroidManifest.xml:35:17-77
52-->src\main\AndroidManifest.xml:35:27-74
53            </intent-filter>
54        </activity>
55
56        <!-- Mock 콜 화면 액티비티 -->
57        <activity
57-->src\main\AndroidManifest.xml:40:9-43:72
58            android:name="com.kakao.taxi.test.MockCallActivity"
58-->src\main\AndroidManifest.xml:41:13-45
59            android:exported="false"
59-->src\main\AndroidManifest.xml:42:13-37
60            android:theme="@style/Theme.AppCompat.Light.NoActionBar" />
60-->src\main\AndroidManifest.xml:43:13-69
61
62        <!-- 로그 뷰어 액티비티 -->
63        <activity
63-->src\main\AndroidManifest.xml:46:9-49:38
64            android:name="com.kakao.taxi.test.LogViewerActivity"
64-->src\main\AndroidManifest.xml:47:13-46
65            android:exported="false"
65-->src\main\AndroidManifest.xml:48:13-37
66            android:label="실시간 로그" />
66-->src\main\AndroidManifest.xml:49:13-35
67
68        <!-- MediaProjection 서비스 -->
69        <service
69-->src\main\AndroidManifest.xml:52:9-56:63
70            android:name="com.kakao.taxi.test.service.ScreenCaptureService"
70-->src\main\AndroidManifest.xml:53:13-57
71            android:enabled="true"
71-->src\main\AndroidManifest.xml:54:13-35
72            android:exported="false"
72-->src\main\AndroidManifest.xml:55:13-37
73            android:foregroundServiceType="mediaProjection" />
73-->src\main\AndroidManifest.xml:56:13-60
74
75        <!-- 오버레이 서비스 -->
76        <service
76-->src\main\AndroidManifest.xml:59:9-62:40
77            android:name="com.kakao.taxi.test.service.OverlayService"
77-->src\main\AndroidManifest.xml:60:13-51
78            android:enabled="true"
78-->src\main\AndroidManifest.xml:61:13-35
79            android:exported="false" />
79-->src\main\AndroidManifest.xml:62:13-37
80
81        <!-- Shizuku provider -->
82        <provider
83            android:name="rikka.shizuku.ShizukuProvider"
83-->src\main\AndroidManifest.xml:66:13-57
84            android:authorities="com.kakao.taxi.test.shizuku"
84-->src\main\AndroidManifest.xml:67:13-59
85            android:enabled="true"
85-->src\main\AndroidManifest.xml:68:13-35
86            android:exported="true"
86-->src\main\AndroidManifest.xml:69:13-36
87            android:multiprocess="false"
87-->src\main\AndroidManifest.xml:70:13-41
88            android:permission="android.permission.INTERACT_ACROSS_USERS_FULL" />
88-->src\main\AndroidManifest.xml:71:13-79
89
90        <!-- Floating Control Service -->
91        <service
91-->src\main\AndroidManifest.xml:74:9-77:40
92            android:name="com.kakao.taxi.test.service.FloatingControlService"
92-->src\main\AndroidManifest.xml:75:13-59
93            android:enabled="true"
93-->src\main\AndroidManifest.xml:76:13-35
94            android:exported="false" />
94-->src\main\AndroidManifest.xml:77:13-37
95
96        <!-- Auto Detection Service -->
97        <service
97-->src\main\AndroidManifest.xml:80:9-84:56
98            android:name="com.kakao.taxi.test.service.AutoDetectionService"
98-->src\main\AndroidManifest.xml:81:13-57
99            android:enabled="true"
99-->src\main\AndroidManifest.xml:82:13-35
100            android:exported="false"
100-->src\main\AndroidManifest.xml:83:13-37
101            android:foregroundServiceType="dataSync" />
101-->src\main\AndroidManifest.xml:84:13-53
102
103        <!-- Accessibility Service for Production -->
104        <service
104-->src\main\AndroidManifest.xml:87:9-97:19
105            android:name="com.kakao.taxi.test.service.KakaoTaxiAccessibilityService"
105-->src\main\AndroidManifest.xml:88:13-66
106            android:exported="true"
106-->src\main\AndroidManifest.xml:89:13-36
107            android:permission="android.permission.BIND_ACCESSIBILITY_SERVICE" >
107-->src\main\AndroidManifest.xml:90:13-79
108            <intent-filter>
108-->src\main\AndroidManifest.xml:91:13-93:29
109                <action android:name="android.accessibilityservice.AccessibilityService" />
109-->src\main\AndroidManifest.xml:92:17-92
109-->src\main\AndroidManifest.xml:92:25-89
110            </intent-filter>
111
112            <meta-data
112-->src\main\AndroidManifest.xml:94:13-96:72
113                android:name="android.accessibilityservice"
113-->src\main\AndroidManifest.xml:95:17-60
114                android:resource="@xml/accessibility_service_config" />
114-->src\main\AndroidManifest.xml:96:17-69
115        </service>
116
117        <!-- Floating Alert Service -->
118        <service
118-->src\main\AndroidManifest.xml:100:9-103:40
119            android:name="com.kakao.taxi.test.service.FloatingAlertService"
119-->src\main\AndroidManifest.xml:101:13-57
120            android:enabled="true"
120-->src\main\AndroidManifest.xml:102:13-35
121            android:exported="false" />
121-->src\main\AndroidManifest.xml:103:13-37
122
123        <!-- Fast Call Detection Service -->
124        <service
124-->src\main\AndroidManifest.xml:106:9-110:63
125            android:name="com.kakao.taxi.test.service.FastCallDetectionService"
125-->src\main\AndroidManifest.xml:107:13-61
126            android:enabled="true"
126-->src\main\AndroidManifest.xml:108:13-35
127            android:exported="false"
127-->src\main\AndroidManifest.xml:109:13-37
128            android:foregroundServiceType="mediaProjection" />
128-->src\main\AndroidManifest.xml:110:13-60
129
130        <!-- Floating Debug Service -->
131        <service
131-->src\main\AndroidManifest.xml:113:9-116:40
132            android:name="com.kakao.taxi.test.service.FloatingDebugService"
132-->src\main\AndroidManifest.xml:114:13-57
133            android:enabled="true"
133-->src\main\AndroidManifest.xml:115:13-35
134            android:exported="false" />
134-->src\main\AndroidManifest.xml:116:13-37
135
136        <!-- One Click Auto Service -->
137        <service
137-->src\main\AndroidManifest.xml:119:9-123:63
138            android:name="com.kakao.taxi.test.service.OneClickAutoService"
138-->src\main\AndroidManifest.xml:120:13-56
139            android:enabled="true"
139-->src\main\AndroidManifest.xml:121:13-35
140            android:exported="false"
140-->src\main\AndroidManifest.xml:122:13-37
141            android:foregroundServiceType="mediaProjection" />
141-->src\main\AndroidManifest.xml:123:13-60
142
143        <!-- 하이브리드 자동화 서비스 (알림 리스너) -->
144        <service
144-->src\main\AndroidManifest.xml:126:9-133:19
145            android:name="com.kakao.taxi.test.service.HybridAutomationService"
145-->src\main\AndroidManifest.xml:127:13-60
146            android:exported="true"
146-->src\main\AndroidManifest.xml:128:13-36
147            android:permission="android.permission.BIND_NOTIFICATION_LISTENER_SERVICE" >
147-->src\main\AndroidManifest.xml:129:13-87
148            <intent-filter>
148-->src\main\AndroidManifest.xml:130:13-132:29
149                <action android:name="android.service.notification.NotificationListenerService" />
149-->src\main\AndroidManifest.xml:131:17-99
149-->src\main\AndroidManifest.xml:131:25-96
150            </intent-filter>
151        </service>
152        <service
152-->[com.google.android.gms:play-services-mlkit-text-recognition-common:19.0.0] AndroidManifest.xml:9:9-15:19
153            android:name="com.google.mlkit.common.internal.MlKitComponentDiscoveryService"
153-->[com.google.android.gms:play-services-mlkit-text-recognition-common:19.0.0] AndroidManifest.xml:10:13-91
154            android:directBootAware="true"
154-->[com.google.mlkit:common:18.8.0] AndroidManifest.xml:17:13-43
155            android:exported="false" >
155-->[com.google.android.gms:play-services-mlkit-text-recognition-common:19.0.0] AndroidManifest.xml:11:13-37
156            <meta-data
156-->[com.google.android.gms:play-services-mlkit-text-recognition-common:19.0.0] AndroidManifest.xml:12:13-14:85
157                android:name="com.google.firebase.components:com.google.mlkit.vision.text.internal.TextRegistrar"
157-->[com.google.android.gms:play-services-mlkit-text-recognition-common:19.0.0] AndroidManifest.xml:13:17-114
158                android:value="com.google.firebase.components.ComponentRegistrar" />
158-->[com.google.android.gms:play-services-mlkit-text-recognition-common:19.0.0] AndroidManifest.xml:14:17-82
159            <meta-data
159-->[com.google.mlkit:vision-common:17.3.0] AndroidManifest.xml:12:13-14:85
160                android:name="com.google.firebase.components:com.google.mlkit.vision.common.internal.VisionCommonRegistrar"
160-->[com.google.mlkit:vision-common:17.3.0] AndroidManifest.xml:13:17-124
161                android:value="com.google.firebase.components.ComponentRegistrar" />
161-->[com.google.mlkit:vision-common:17.3.0] AndroidManifest.xml:14:17-82
162            <meta-data
162-->[com.google.mlkit:common:18.8.0] AndroidManifest.xml:20:13-22:85
163                android:name="com.google.firebase.components:com.google.mlkit.common.internal.CommonComponentRegistrar"
163-->[com.google.mlkit:common:18.8.0] AndroidManifest.xml:21:17-120
164                android:value="com.google.firebase.components.ComponentRegistrar" />
164-->[com.google.mlkit:common:18.8.0] AndroidManifest.xml:22:17-82
165        </service>
166
167        <provider
167-->[com.google.mlkit:common:18.8.0] AndroidManifest.xml:9:9-13:38
168            android:name="com.google.mlkit.common.internal.MlKitInitProvider"
168-->[com.google.mlkit:common:18.8.0] AndroidManifest.xml:10:13-78
169            android:authorities="com.kakao.taxi.test.mlkitinitprovider"
169-->[com.google.mlkit:common:18.8.0] AndroidManifest.xml:11:13-69
170            android:exported="false"
170-->[com.google.mlkit:common:18.8.0] AndroidManifest.xml:12:13-37
171            android:initOrder="99" />
171-->[com.google.mlkit:common:18.8.0] AndroidManifest.xml:13:13-35
172
173        <activity
173-->[com.google.android.gms:play-services-base:18.1.0] AndroidManifest.xml:20:9-22:45
174            android:name="com.google.android.gms.common.api.GoogleApiActivity"
174-->[com.google.android.gms:play-services-base:18.1.0] AndroidManifest.xml:20:19-85
175            android:exported="false"
175-->[com.google.android.gms:play-services-base:18.1.0] AndroidManifest.xml:22:19-43
176            android:theme="@android:style/Theme.Translucent.NoTitleBar" />
176-->[com.google.android.gms:play-services-base:18.1.0] AndroidManifest.xml:21:19-78
177
178        <meta-data
178-->[com.google.android.gms:play-services-basement:18.1.0] AndroidManifest.xml:21:9-23:69
179            android:name="com.google.android.gms.version"
179-->[com.google.android.gms:play-services-basement:18.1.0] AndroidManifest.xml:22:13-58
180            android:value="@integer/google_play_services_version" />
180-->[com.google.android.gms:play-services-basement:18.1.0] AndroidManifest.xml:23:13-66
181
182        <provider
182-->[androidx.emoji2:emoji2:1.2.0] AndroidManifest.xml:24:9-32:20
183            android:name="androidx.startup.InitializationProvider"
183-->[androidx.emoji2:emoji2:1.2.0] AndroidManifest.xml:25:13-67
184            android:authorities="com.kakao.taxi.test.androidx-startup"
184-->[androidx.emoji2:emoji2:1.2.0] AndroidManifest.xml:26:13-68
185            android:exported="false" >
185-->[androidx.emoji2:emoji2:1.2.0] AndroidManifest.xml:27:13-37
186            <meta-data
186-->[androidx.emoji2:emoji2:1.2.0] AndroidManifest.xml:29:13-31:52
187                android:name="androidx.emoji2.text.EmojiCompatInitializer"
187-->[androidx.emoji2:emoji2:1.2.0] AndroidManifest.xml:30:17-75
188                android:value="androidx.startup" />
188-->[androidx.emoji2:emoji2:1.2.0] AndroidManifest.xml:31:17-49
189            <meta-data
189-->[androidx.lifecycle:lifecycle-process:2.7.0] AndroidManifest.xml:29:13-31:52
190                android:name="androidx.lifecycle.ProcessLifecycleInitializer"
190-->[androidx.lifecycle:lifecycle-process:2.7.0] AndroidManifest.xml:30:17-78
191                android:value="androidx.startup" />
191-->[androidx.lifecycle:lifecycle-process:2.7.0] AndroidManifest.xml:31:17-49
192            <meta-data
192-->[androidx.profileinstaller:profileinstaller:1.3.0] AndroidManifest.xml:29:13-31:52
193                android:name="androidx.profileinstaller.ProfileInstallerInitializer"
193-->[androidx.profileinstaller:profileinstaller:1.3.0] AndroidManifest.xml:30:17-85
194                android:value="androidx.startup" />
194-->[androidx.profileinstaller:profileinstaller:1.3.0] AndroidManifest.xml:31:17-49
195        </provider>
196
197        <meta-data
197-->[dev.rikka.shizuku:provider:13.1.5] AndroidManifest.xml:11:9-13:36
198            android:name="moe.shizuku.client.V3_SUPPORT"
198-->[dev.rikka.shizuku:provider:13.1.5] AndroidManifest.xml:12:13-57
199            android:value="true" />
199-->[dev.rikka.shizuku:provider:13.1.5] AndroidManifest.xml:13:13-33
200
201        <receiver
201-->[androidx.profileinstaller:profileinstaller:1.3.0] AndroidManifest.xml:34:9-52:20
202            android:name="androidx.profileinstaller.ProfileInstallReceiver"
202-->[androidx.profileinstaller:profileinstaller:1.3.0] AndroidManifest.xml:35:13-76
203            android:directBootAware="false"
203-->[androidx.profileinstaller:profileinstaller:1.3.0] AndroidManifest.xml:36:13-44
204            android:enabled="true"
204-->[androidx.profileinstaller:profileinstaller:1.3.0] AndroidManifest.xml:37:13-35
205            android:exported="true"
205-->[androidx.profileinstaller:profileinstaller:1.3.0] AndroidManifest.xml:38:13-36
206            android:permission="android.permission.DUMP" >
206-->[androidx.profileinstaller:profileinstaller:1.3.0] AndroidManifest.xml:39:13-57
207            <intent-filter>
207-->[androidx.profileinstaller:profileinstaller:1.3.0] AndroidManifest.xml:40:13-42:29
208                <action android:name="androidx.profileinstaller.action.INSTALL_PROFILE" />
208-->[androidx.profileinstaller:profileinstaller:1.3.0] AndroidManifest.xml:41:17-91
208-->[androidx.profileinstaller:profileinstaller:1.3.0] AndroidManifest.xml:41:25-88
209            </intent-filter>
210            <intent-filter>
210-->[androidx.profileinstaller:profileinstaller:1.3.0] AndroidManifest.xml:43:13-45:29
211                <action android:name="androidx.profileinstaller.action.SKIP_FILE" />
211-->[androidx.profileinstaller:profileinstaller:1.3.0] AndroidManifest.xml:44:17-85
211-->[androidx.profileinstaller:profileinstaller:1.3.0] AndroidManifest.xml:44:25-82
212            </intent-filter>
213            <intent-filter>
213-->[androidx.profileinstaller:profileinstaller:1.3.0] AndroidManifest.xml:46:13-48:29
214                <action android:name="androidx.profileinstaller.action.SAVE_PROFILE" />
214-->[androidx.profileinstaller:profileinstaller:1.3.0] AndroidManifest.xml:47:17-88
214-->[androidx.profileinstaller:profileinstaller:1.3.0] AndroidManifest.xml:47:25-85
215            </intent-filter>
216            <intent-filter>
216-->[androidx.profileinstaller:profileinstaller:1.3.0] AndroidManifest.xml:49:13-51:29
217                <action android:name="androidx.profileinstaller.action.BENCHMARK_OPERATION" />
217-->[androidx.profileinstaller:profileinstaller:1.3.0] AndroidManifest.xml:50:17-95
217-->[androidx.profileinstaller:profileinstaller:1.3.0] AndroidManifest.xml:50:25-92
218            </intent-filter>
219        </receiver>
220
221        <service
221-->[com.google.android.datatransport:transport-backend-cct:2.3.3] AndroidManifest.xml:29:9-35:19
222            android:name="com.google.android.datatransport.runtime.backends.TransportBackendDiscovery"
222-->[com.google.android.datatransport:transport-backend-cct:2.3.3] AndroidManifest.xml:30:13-103
223            android:exported="false" >
223-->[com.google.android.datatransport:transport-backend-cct:2.3.3] AndroidManifest.xml:31:13-37
224            <meta-data
224-->[com.google.android.datatransport:transport-backend-cct:2.3.3] AndroidManifest.xml:32:13-34:39
225                android:name="backend:com.google.android.datatransport.cct.CctBackendFactory"
225-->[com.google.android.datatransport:transport-backend-cct:2.3.3] AndroidManifest.xml:33:17-94
226                android:value="cct" />
226-->[com.google.android.datatransport:transport-backend-cct:2.3.3] AndroidManifest.xml:34:17-36
227        </service>
228        <service
228-->[com.google.android.datatransport:transport-runtime:2.2.6] AndroidManifest.xml:26:9-30:19
229            android:name="com.google.android.datatransport.runtime.scheduling.jobscheduling.JobInfoSchedulerService"
229-->[com.google.android.datatransport:transport-runtime:2.2.6] AndroidManifest.xml:27:13-117
230            android:exported="false"
230-->[com.google.android.datatransport:transport-runtime:2.2.6] AndroidManifest.xml:28:13-37
231            android:permission="android.permission.BIND_JOB_SERVICE" >
231-->[com.google.android.datatransport:transport-runtime:2.2.6] AndroidManifest.xml:29:13-69
232        </service>
233
234        <receiver
234-->[com.google.android.datatransport:transport-runtime:2.2.6] AndroidManifest.xml:32:9-34:40
235            android:name="com.google.android.datatransport.runtime.scheduling.jobscheduling.AlarmManagerSchedulerBroadcastReceiver"
235-->[com.google.android.datatransport:transport-runtime:2.2.6] AndroidManifest.xml:33:13-132
236            android:exported="false" />
236-->[com.google.android.datatransport:transport-runtime:2.2.6] AndroidManifest.xml:34:13-37
237    </application>
238
239</manifest>